{"/Users/pc04/Desktop/dev/github/node-app-template/app/src/logger.ts": {"path":"/Users/pc04/Desktop/dev/github/node-app-template/app/src/logger.ts","statementMap":{"0":{"start":{"line":1,"column":0},"end":{"line":1,"column":42}},"1":{"start":{"line":3,"column":26},"end":{"line":3,"column":31}},"2":{"start":{"line":4,"column":23},"end":{"line":4,"column":44}},"3":{"start":{"line":6,"column":18},"end":{"line":12,"column":2}},"4":{"start":{"line":14,"column":23},"end":{"line":20,"column":2}},"5":{"start":{"line":23,"column":2},"end":{"line":26,"column":5}},"6":{"start":{"line":30,"column":2},"end":{"line":30,"column":41}},"7":{"start":{"line":29,"column":0},"end":{"line":29,"column":16}},"8":{"start":{"line":34,"column":2},"end":{"line":34,"column":46}},"9":{"start":{"line":33,"column":0},"end":{"line":33,"column":16}},"10":{"start":{"line":37,"column":13},"end":{"line":41,"column":2}},"11":{"start":{"line":39,"column":4},"end":{"line":39,"column":26}}},"fnMap":{"0":{"name":"log","decl":{"start":{"line":22,"column":9},"end":{"line":22,"column":12}},"loc":{"start":{"line":22,"column":56},"end":{"line":27,"column":1}}},"1":{"name":"print","decl":{"start":{"line":29,"column":16},"end":{"line":29,"column":21}},"loc":{"start":{"line":29,"column":34},"end":{"line":31,"column":1}}},"2":{"name":"printRequest","decl":{"start":{"line":33,"column":16},"end":{"line":33,"column":28}},"loc":{"start":{"line":33,"column":41},"end":{"line":35,"column":1}}},"3":{"name":"(anonymous_4)","decl":{"start":{"line":38,"column":2},"end":{"line":38,"column":7}},"loc":{"start":{"line":38,"column":23},"end":{"line":40,"column":3}}}},"branchMap":{},"s":{"0":1,"1":1,"2":1,"3":1,"4":1,"5":6,"6":1,"7":1,"8":5,"9":1,"10":1,"11":5},"f":{"0":6,"1":1,"2":5,"3":5},"b":{}}
,"/Users/pc04/Desktop/dev/github/node-app-template/app/src/server/router.ts": {"path":"/Users/pc04/Desktop/dev/github/node-app-template/app/src/server/router.ts","statementMap":{"0":{"start":{"line":1,"column":0},"end":{"line":1,"column":50}},"1":{"start":{"line":2,"column":0},"end":{"line":2,"column":50}},"2":{"start":{"line":3,"column":0},"end":{"line":3,"column":62}},"3":{"start":{"line":4,"column":0},"end":{"line":4,"column":46}},"4":{"start":{"line":5,"column":0},"end":{"line":5,"column":54}},"5":{"start":{"line":6,"column":0},"end":{"line":6,"column":56}},"6":{"start":{"line":8,"column":30},"end":{"line":8,"column":45}},"7":{"start":{"line":10,"column":0},"end":{"line":15,"column":32}},"8":{"start":{"line":17,"column":0},"end":{"line":17,"column":22}}},"fnMap":{},"branchMap":{},"s":{"0":1,"1":1,"2":1,"3":1,"4":1,"5":1,"6":1,"7":1,"8":1},"f":{},"b":{}}
,"/Users/pc04/Desktop/dev/github/node-app-template/app/src/server/server.ts": {"path":"/Users/pc04/Desktop/dev/github/node-app-template/app/src/server/server.ts","statementMap":{"0":{"start":{"line":1,"column":0},"end":{"line":1,"column":69}},"1":{"start":{"line":2,"column":0},"end":{"line":2,"column":24}},"2":{"start":{"line":3,"column":0},"end":{"line":3,"column":37}},"3":{"start":{"line":4,"column":0},"end":{"line":4,"column":28}},"4":{"start":{"line":5,"column":0},"end":{"line":5,"column":28}},"5":{"start":{"line":6,"column":0},"end":{"line":6,"column":45}},"6":{"start":{"line":7,"column":0},"end":{"line":7,"column":36}},"7":{"start":{"line":8,"column":0},"end":{"line":8,"column":50}},"8":{"start":{"line":9,"column":0},"end":{"line":9,"column":30}},"9":{"start":{"line":10,"column":0},"end":{"line":10,"column":34}},"10":{"start":{"line":11,"column":0},"end":{"line":11,"column":54}},"11":{"start":{"line":13,"column":26},"end":{"line":17,"column":2}},"12":{"start":{"line":24,"column":2},"end":{"line":46,"column":5}},"13":{"start":{"line":25,"column":24},"end":{"line":27,"column":5}},"14":{"start":{"line":26,"column":6},"end":{"line":26,"column":60}},"15":{"start":{"line":29,"column":36},"end":{"line":29,"column":45}},"16":{"start":{"line":31,"column":17},"end":{"line":31,"column":74}},"17":{"start":{"line":32,"column":4},"end":{"line":32,"column":43}},"18":{"start":{"line":34,"column":4},"end":{"line":40,"column":19}},"19":{"start":{"line":42,"column":4},"end":{"line":43,"column":38}},"20":{"start":{"line":45,"column":4},"end":{"line":45,"column":20}},"21":{"start":{"line":49,"column":0},"end":{"line":49,"column":28}}},"fnMap":{"0":{"name":"createServer","decl":{"start":{"line":23,"column":9},"end":{"line":23,"column":21}},"loc":{"start":{"line":23,"column":70},"end":{"line":47,"column":1}}},"1":{"name":"(anonymous_2)","decl":{"start":{"line":24,"column":21},"end":{"line":24,"column":22}},"loc":{"start":{"line":24,"column":33},"end":{"line":46,"column":3}}},"2":{"name":"(anonymous_3)","decl":{"start":{"line":25,"column":24},"end":{"line":25,"column":27}},"loc":{"start":{"line":25,"column":29},"end":{"line":27,"column":5}}}},"branchMap":{"0":{"loc":{"start":{"line":23,"column":43},"end":{"line":23,"column":70}},"type":"default-arg","locations":[{"start":{"line":23,"column":43},"end":{"line":23,"column":70}}]}},"s":{"0":1,"1":1,"2":1,"3":1,"4":1,"5":1,"6":1,"7":1,"8":1,"9":1,"10":1,"11":1,"12":1,"13":1,"14":1,"15":1,"16":1,"17":1,"18":1,"19":1,"20":1,"21":1},"f":{"0":1,"1":1,"2":1},"b":{"0":[1]}}
,"/Users/pc04/Desktop/dev/github/node-app-template/app/src/server/controllers/healthcheck.ts": {"path":"/Users/pc04/Desktop/dev/github/node-app-template/app/src/server/controllers/healthcheck.ts","statementMap":{"0":{"start":{"line":7,"column":2},"end":{"line":7,"column":40}},"1":{"start":{"line":6,"column":0},"end":{"line":6,"column":24}}},"fnMap":{"0":{"name":"indexController","decl":{"start":{"line":6,"column":24},"end":{"line":6,"column":39}},"loc":{"start":{"line":6,"column":81},"end":{"line":8,"column":1}}}},"branchMap":{},"s":{"0":1,"1":1},"f":{"0":1},"b":{}}
,"/Users/pc04/Desktop/dev/github/node-app-template/app/src/server/controllers/index.ts": {"path":"/Users/pc04/Desktop/dev/github/node-app-template/app/src/server/controllers/index.ts","statementMap":{"0":{"start":{"line":7,"column":2},"end":{"line":7,"column":34}},"1":{"start":{"line":6,"column":0},"end":{"line":6,"column":24}}},"fnMap":{"0":{"name":"indexController","decl":{"start":{"line":6,"column":24},"end":{"line":6,"column":39}},"loc":{"start":{"line":6,"column":81},"end":{"line":8,"column":1}}}},"branchMap":{},"s":{"0":1,"1":1},"f":{"0":1},"b":{}}
,"/Users/pc04/Desktop/dev/github/node-app-template/app/src/server/controllers/notfound.ts": {"path":"/Users/pc04/Desktop/dev/github/node-app-template/app/src/server/controllers/notfound.ts","statementMap":{"0":{"start":{"line":7,"column":2},"end":{"line":7,"column":42}},"1":{"start":{"line":6,"column":0},"end":{"line":6,"column":24}}},"fnMap":{"0":{"name":"indexController","decl":{"start":{"line":6,"column":24},"end":{"line":6,"column":39}},"loc":{"start":{"line":6,"column":81},"end":{"line":8,"column":1}}}},"branchMap":{},"s":{"0":1,"1":1},"f":{"0":1},"b":{}}
,"/Users/pc04/Desktop/dev/github/node-app-template/app/src/server/controllers/pid.ts": {"path":"/Users/pc04/Desktop/dev/github/node-app-template/app/src/server/controllers/pid.ts","statementMap":{"0":{"start":{"line":5,"column":0},"end":{"line":5,"column":34}},"1":{"start":{"line":8,"column":2},"end":{"line":8,"column":47}},"2":{"start":{"line":7,"column":0},"end":{"line":7,"column":24}}},"fnMap":{"0":{"name":"indexController","decl":{"start":{"line":7,"column":24},"end":{"line":7,"column":39}},"loc":{"start":{"line":7,"column":81},"end":{"line":9,"column":1}}}},"branchMap":{},"s":{"0":1,"1":1,"2":1},"f":{"0":1},"b":{}}
,"/Users/pc04/Desktop/dev/github/node-app-template/app/src/server/controllers/version.ts": {"path":"/Users/pc04/Desktop/dev/github/node-app-template/app/src/server/controllers/version.ts","statementMap":{"0":{"start":{"line":5,"column":0},"end":{"line":5,"column":62}},"1":{"start":{"line":8,"column":2},"end":{"line":8,"column":41}},"2":{"start":{"line":7,"column":0},"end":{"line":7,"column":24}}},"fnMap":{"0":{"name":"indexController","decl":{"start":{"line":7,"column":24},"end":{"line":7,"column":39}},"loc":{"start":{"line":7,"column":81},"end":{"line":9,"column":1}}}},"branchMap":{},"s":{"0":1,"1":1,"2":1},"f":{"0":1},"b":{}}
,"/Users/pc04/Desktop/dev/github/node-app-template/app/src/utils/env.ts": {"path":"/Users/pc04/Desktop/dev/github/node-app-template/app/src/utils/env.ts","statementMap":{"0":{"start":{"line":1,"column":0},"end":{"line":1,"column":27}},"1":{"start":{"line":4,"column":18},"end":{"line":4,"column":25}},"2":{"start":{"line":5,"column":2},"end":{"line":5,"column":27}},"3":{"start":{"line":3,"column":0},"end":{"line":3,"column":24}}},"fnMap":{"0":{"name":"getEnv","decl":{"start":{"line":3,"column":24},"end":{"line":3,"column":30}},"loc":{"start":{"line":3,"column":54},"end":{"line":6,"column":1}}}},"branchMap":{"0":{"loc":{"start":{"line":5,"column":9},"end":{"line":5,"column":18}},"type":"binary-expr","locations":[{"start":{"line":5,"column":9},"end":{"line":5,"column":18}},{"start":{"line":5,"column":22},"end":{"line":5,"column":26}}]}},"s":{"0":1,"1":1,"2":1,"3":1},"f":{"0":1},"b":{"0":[1,1]}}
,"/Users/pc04/Desktop/dev/github/node-app-template/app/src/utils/pid.ts": {"path":"/Users/pc04/Desktop/dev/github/node-app-template/app/src/utils/pid.ts","statementMap":{"0":{"start":{"line":2,"column":18},"end":{"line":2,"column":25}},"1":{"start":{"line":3,"column":2},"end":{"line":3,"column":13}},"2":{"start":{"line":1,"column":0},"end":{"line":1,"column":24}}},"fnMap":{"0":{"name":"getPid","decl":{"start":{"line":1,"column":24},"end":{"line":1,"column":30}},"loc":{"start":{"line":1,"column":30},"end":{"line":4,"column":1}}}},"branchMap":{},"s":{"0":1,"1":1,"2":1},"f":{"0":1},"b":{}}
}
