TN:
SF:src/logger.ts
FN:22,log
FN:29,print
FN:33,printRequest
FN:38,(anonymous_4)
FNF:4
FNH:4
FNDA:6,log
FNDA:1,print
FNDA:5,printRequest
FNDA:5,(anonymous_4)
DA:1,1
DA:3,1
DA:4,1
DA:6,1
DA:14,1
DA:23,6
DA:29,1
DA:30,1
DA:33,1
DA:34,5
DA:37,1
DA:39,5
LF:12
LH:12
BRF:0
BRH:0
end_of_record
TN:
SF:src/server/router.ts
FNF:0
FNH:0
DA:1,1
DA:2,1
DA:3,1
DA:4,1
DA:5,1
DA:6,1
DA:8,1
DA:10,1
DA:17,1
LF:9
LH:9
BRF:0
BRH:0
end_of_record
TN:
SF:src/server/server.ts
FN:23,createServer
FN:24,(anonymous_2)
FN:25,(anonymous_3)
FNF:3
FNH:3
FNDA:1,createServer
FNDA:1,(anonymous_2)
FNDA:1,(anonymous_3)
DA:1,1
DA:2,1
DA:3,1
DA:4,1
DA:5,1
DA:6,1
DA:7,1
DA:8,1
DA:9,1
DA:10,1
DA:11,1
DA:13,1
DA:24,1
DA:25,1
DA:26,1
DA:29,1
DA:31,1
DA:32,1
DA:34,1
DA:42,1
DA:45,1
DA:49,1
LF:22
LH:22
BRDA:23,0,0,1
BRF:1
BRH:1
end_of_record
TN:
SF:src/server/controllers/healthcheck.ts
FN:6,indexController
FNF:1
FNH:1
FNDA:1,indexController
DA:6,1
DA:7,1
LF:2
LH:2
BRF:0
BRH:0
end_of_record
TN:
SF:src/server/controllers/index.ts
FN:6,indexController
FNF:1
FNH:1
FNDA:1,indexController
DA:6,1
DA:7,1
LF:2
LH:2
BRF:0
BRH:0
end_of_record
TN:
SF:src/server/controllers/notfound.ts
FN:6,indexController
FNF:1
FNH:1
FNDA:1,indexController
DA:6,1
DA:7,1
LF:2
LH:2
BRF:0
BRH:0
end_of_record
TN:
SF:src/server/controllers/pid.ts
FN:7,indexController
FNF:1
FNH:1
FNDA:1,indexController
DA:5,1
DA:7,1
DA:8,1
LF:3
LH:3
BRF:0
BRH:0
end_of_record
TN:
SF:src/server/controllers/version.ts
FN:7,indexController
FNF:1
FNH:1
FNDA:1,indexController
DA:5,1
DA:7,1
DA:8,1
LF:3
LH:3
BRF:0
BRH:0
end_of_record
TN:
SF:src/utils/env.ts
FN:3,getEnv
FNF:1
FNH:1
FNDA:1,getEnv
DA:1,1
DA:3,1
DA:4,1
DA:5,1
DA:6,0
DA:8,1
LF:6
LH:5
BRDA:5,0,0,0
BRDA:5,0,1,1
BRDA:8,1,0,1
BRDA:8,1,1,0
BRF:4
BRH:2
end_of_record
TN:
SF:src/utils/pid.ts
FN:1,getPid
FNF:1
FNH:1
FNDA:1,getPid
DA:1,1
DA:2,1
DA:3,1
LF:3
LH:3
BRF:0
BRH:0
end_of_record
